-------------------------------------------------------------------------------
Test set: com.example.demo.demo123.Demo123ApplicationTests
-------------------------------------------------------------------------------
Tests run: 1, Failures: 0, Errors: 1, Skipped: 0, Time elapsed: 3.093 s <<< FAILURE! - in com.example.demo.demo123.Demo123ApplicationTests
contextLoads  Time elapsed: 0.002 s  <<< ERROR!
java.lang.IllegalStateException: Failed to load ApplicationContext
Caused by: org.springframework.beans.factory.UnsatisfiedDependencyException: Error creating bean with name 'demo123Application': Unsatisfied dependency expressed through field 'fruitsRepository'; nested exception is org.springframework.beans.factory.BeanCreationException: Error creating bean with name 'fruitsRepository' defined in com.example.demo.demo123.Repository.FruitsRepository defined in @EnableJpaRepositories declared on JpaRepositoriesRegistrar.EnableJpaRepositoriesConfiguration: Invocation of init method failed; nested exception is java.lang.IllegalArgumentException: Not a managed type: class com.example.demo.demo123.entities.Fruits
Caused by: org.springframework.beans.factory.BeanCreationException: Error creating bean with name 'fruitsRepository' defined in com.example.demo.demo123.Repository.FruitsRepository defined in @EnableJpaRepositories declared on JpaRepositoriesRegistrar.EnableJpaRepositoriesConfiguration: Invocation of init method failed; nested exception is java.lang.IllegalArgumentException: Not a managed type: class com.example.demo.demo123.entities.Fruits
Caused by: java.lang.IllegalArgumentException: Not a managed type: class com.example.demo.demo123.entities.Fruits

